10:40 11-05-2015Produkt: ½L vand & kildevand excl. pant pris: 12 User Buying Product: Name: Frederik Palmelund E-Mail: frederik.palmelund@gmail.com Tidspunkt: 11-05-2015 10:40:16 ID på Transaktion: 0
Produkt: Øl(f.eks. Thy, Guld, 47, T-FF) pris: 10 User Buying Product: Name: Frederik Palmelund E-Mail: frederik.palmelund@gmail.com Tidspunkt: 11-05-2015 10:40:16 ID på Transaktion: 1
Produkt: Øl(Tuborg/Classic/Carlsberg/Rød) pris: 6,5 User Buying Product: Name: Frederik Palmelund E-Mail: frederik.palmelund@gmail.com Tidspunkt: 11-05-2015 10:40:16 ID på Transaktion: 2
Produkt: Øl(Staropramen, Corona, Budweis) pris: 15 User Buying Product: Name: Frederik Palmelund E-Mail: frederik.palmelund@gmail.com Tidspunkt: 11-05-2015 10:40:16 ID på Transaktion: 3
Produkt: Cocio pris: 16 User Buying Product: Name: Frederik Palmelund E-Mail: frederik.palmelund@gmail.com Tidspunkt: 11-05-2015 10:40:16 ID på Transaktion: 4
Produkt: ½L vand & kildevand excl. pant pris: 12 User Buying Product: Name: Frederik Palmelund E-Mail: frederik.palmelund@gmail.com Tidspunkt: 11-05-2015 10:40:16 ID på Transaktion: 5
Produkt: ½L vand & kildevand excl. pant pris: 12 User Buying Product: Name: Frederik Palmelund E-Mail: frederik.palmelund@gmail.com Tidspunkt: 11-05-2015 10:40:16 ID på Transaktion: 6
Produkt: ½L vand & kildevand excl. pant pris: 12 User Buying Product: Name: Frederik Palmelund E-Mail: frederik.palmelund@gmail.com Tidspunkt: 11-05-2015 10:40:16 ID på Transaktion: 7
Produkt: ½L vand & kildevand excl. pant pris: 12 User Buying Product: Name: Frederik Palmelund E-Mail: frederik.palmelund@gmail.com Tidspunkt: 11-05-2015 10:40:16 ID på Transaktion: 8
Produkt: ½L vand & kildevand excl. pant pris: 12 User Buying Product: Name: Frederik Palmelund E-Mail: frederik.palmelund@gmail.com Tidspunkt: 11-05-2015 10:40:16 ID på Transaktion: 9
Produkt: ½L vand & kildevand excl. pant pris: 12 User Buying Product: Name: Frederik Palmelund E-Mail: frederik.palmelund@gmail.com Tidspunkt: 11-05-2015 10:40:16 ID på Transaktion: 10
Produkt: ½L vand & kildevand excl. pant pris: 12 User Buying Product: Name: Frederik Palmelund E-Mail: frederik.palmelund@gmail.com Tidspunkt: 11-05-2015 10:40:16 ID på Transaktion: 11
Produkt: ½L vand & kildevand excl. pant pris: 12 User Buying Product: Name: Frederik Palmelund E-Mail: frederik.palmelund@gmail.com Tidspunkt: 11-05-2015 10:40:16 ID på Transaktion: 12
Produkt: ½L vand & kildevand excl. pant pris: 12 User Buying Product: Name: Frederik Palmelund E-Mail: frederik.palmelund@gmail.com Tidspunkt: 11-05-2015 10:40:16 ID på Transaktion: 13
Produkt: ½L vand & kildevand excl. pant pris: 12 User Buying Product: Name: Frederik Palmelund E-Mail: frederik.palmelund@gmail.com Tidspunkt: 11-05-2015 10:40:16 ID på Transaktion: 14
Produkt: ½L vand & kildevand excl. pant pris: 12 User Buying Product: Name: Frederik Palmelund E-Mail: frederik.palmelund@gmail.com Tidspunkt: 11-05-2015 10:40:16 ID på Transaktion: 15
Produkt: ½L vand & kildevand excl. pant pris: 12 User Buying Product: Name: Frederik Palmelund E-Mail: frederik.palmelund@gmail.com Tidspunkt: 11-05-2015 10:40:16 ID på Transaktion: 16
Produkt: ½L vand & kildevand excl. pant pris: 12 User Buying Product: Name: Frederik Palmelund E-Mail: frederik.palmelund@gmail.com Tidspunkt: 11-05-2015 10:40:16 ID på Transaktion: 17
Produkt: ½L vand & kildevand excl. pant pris: 12 User Buying Product: Name: Frederik Palmelund E-Mail: frederik.palmelund@gmail.com Tidspunkt: 11-05-2015 10:40:16 ID på Transaktion: 18
Produkt: ½L vand & kildevand excl. pant pris: 12 User Buying Product: Name: Frederik Palmelund E-Mail: frederik.palmelund@gmail.com Tidspunkt: 11-05-2015 10:40:16 ID på Transaktion: 19
Produkt: ½L vand & kildevand excl. pant pris: 12 User Buying Product: Name: Frederik Palmelund E-Mail: frederik.palmelund@gmail.com Tidspunkt: 11-05-2015 10:40:16 ID på Transaktion: 20
Produkt: ½L vand & kildevand excl. pant pris: 12 User Buying Product: Name: Frederik Palmelund E-Mail: frederik.palmelund@gmail.com Tidspunkt: 11-05-2015 10:40:16 ID på Transaktion: 21
Produkt: ½L vand & kildevand excl. pant pris: 12 User Buying Product: Name: Frederik Palmelund E-Mail: frederik.palmelund@gmail.com Tidspunkt: 11-05-2015 10:40:16 ID på Transaktion: 22
Produkt: ½L vand & kildevand excl. pant pris: 12 User Buying Product: Name: Frederik Palmelund E-Mail: frederik.palmelund@gmail.com Tidspunkt: 11-05-2015 10:40:16 ID på Transaktion: 23
Produkt: ½L vand & kildevand excl. pant pris: 12 User Buying Product: Name: Frederik Palmelund E-Mail: frederik.palmelund@gmail.com Tidspunkt: 11-05-2015 10:40:16 ID på Transaktion: 24
Transaktion nr.11-05-2015 12:36:14 Beløb: 2000kr. optankes på Name: mem memp E-Mail: meme@meme.dk's konto, tispunkt for optankning: 11-05-2015 12:36:14
Produkt: Pant (1/2L flaske) pris: 150 User Buying Product: Name: mem memp E-Mail: meme@meme.dk Tidspunkt: 11-05-2015 12:37:49 ID på Transaktion: 1
Produkt: Pant (1/2L flaske) pris: 150 User Buying Product: Name: mem memp E-Mail: meme@meme.dk Tidspunkt: 11-05-2015 12:37:49 ID på Transaktion: 2
Produkt: Pant (1/2L flaske) pris: 150 User Buying Product: Name: mem memp E-Mail: meme@meme.dk Tidspunkt: 11-05-2015 12:37:49 ID på Transaktion: 3
Transaktion nr.[11-05-2015 16:15:56] Beløb: [200000]kr. optankes på me's konto, tispunkt for optankning: [11-05-2015 16:15:56]
Transaktion nr.[11-05-2015 16:16:21] Beløb: [20000]kr. optankes på me's konto, tispunkt for optankning: [11-05-2015 16:16:21]
Transaktion nr.[11-05-2015 16:28:54] Beløb: [20000000]kr. optankes på me's konto, tispunkt for optankning: [11-05-2015 16:28:54]
Transaktion nr.[11-05-2015 16:29:13] Beløb: [200000000]kr. optankes på me's konto, tispunkt for optankning: [11-05-2015 16:29:13]
Transaktion nr.[11-05-2015 16:31:39] Beløb: [2147483647]kr. optankes på me's konto, tispunkt for optankning: [11-05-2015 16:31:39]
Transaktion nr.[11-05-2015 16:38:06] Beløb: [2000000000]kr. optankes på me's konto, tispunkt for optankning: [11-05-2015 16:38:06]
Transaktion nr.[11-05-2015 16:38:37] Beløb: [2000000]kr. optankes på me's konto, tispunkt for optankning: [11-05-2015 16:38:37]
Transaktion nr.[11-05-2015 16:39:05] Beløb: [2000050]kr. optankes på me's konto, tispunkt for optankning: [11-05-2015 16:39:05]
Transaktion nr.[11-05-2015 16:58:05] Beløb: [20050]kr. optankes på me's konto, tispunkt for optankning: [11-05-2015 16:58:05]
Transaktion nr.[11-05-2015 16:58:37] Beløb: [20050]kr. optankes på me's konto, tispunkt for optankning: [11-05-2015 16:58:37]
Transaktion nr.[11-05-2015 16:58:49] Beløb: [20050]kr. optankes på me's konto, tispunkt for optankning: [11-05-2015 16:58:49]
Transaktion nr.[11-05-2015 16:59:02] Beløb: [20050]kr. optankes på me's konto, tispunkt for optankning: [11-05-2015 16:59:02]
Transaktion nr.[11-05-2015 16:59:17] Beløb: [20050]kr. optankes på me's konto, tispunkt for optankning: [11-05-2015 16:59:17]
Transaktion nr.[11-05-2015 16:59:30] Beløb: [20050]kr. optankes på me's konto, tispunkt for optankning: [11-05-2015 16:59:30]
Transaktion nr.[11-05-2015 17:00:31] Beløb: [20050]kr. optankes på me's konto, tispunkt for optankning: [11-05-2015 17:00:31]
Transaktion nr.[11-05-2015 17:05:44] Beløb: [20050]kr. optankes på me's konto, tispunkt for optankning: [11-05-2015 17:05:44]
Transaktion nr.[11-05-2015 17:06:04] Beløb: [20050]kr. optankes på me's konto, tispunkt for optankning: [11-05-2015 17:06:04]
Transaktion nr.[11-05-2015 20:06:00] Beløb: [20050]kr. optankes på me's konto, tispunkt for optankning: [11-05-2015 20:06:00]
Produkt: Nestea pris: 1300 User Buying Product: Name: daniel thiemer Sørensen E-Mail: dtsa14@student.aau.dk Tidspunkt: 11-05-2015 20:06:24 ID på Transaktion: 1
Produkt: Nestea pris: 1300 User Buying Product: Name: daniel thiemer Sørensen E-Mail: dtsa14@student.aau.dk Tidspunkt: 11-05-2015 20:06:24 ID på Transaktion: 2
Produkt: Nestea pris: 1300 User Buying Product: Name: daniel thiemer Sørensen E-Mail: dtsa14@student.aau.dk Tidspunkt: 11-05-2015 20:06:24 ID på Transaktion: 3
Produkt: Nestea pris: 1300 User Buying Product: Name: daniel thiemer Sørensen E-Mail: dtsa14@student.aau.dk Tidspunkt: 11-05-2015 20:06:24 ID på Transaktion: 4
Produkt: Nestea pris: 1300 User Buying Product: Name: daniel thiemer Sørensen E-Mail: dtsa14@student.aau.dk Tidspunkt: 11-05-2015 20:06:24 ID på Transaktion: 5
Produkt: FLAN Chili con Carne Fredag afte pris: 5000 User Buying Product: Name: daniel thiemer Sørensen E-Mail: dtsa14@student.aau.dk Tidspunkt: 11-05-2015 20:07:00 ID på Transaktion: 6
Produkt: Pant (1/2L flaske) pris: 150 User Buying Product: Name: daniel thiemer Sørensen E-Mail: dtsa14@student.aau.dk Tidspunkt: 11-05-2015 20:07:42 ID på Transaktion: 7
Produkt: Pant (1/2L flaske) pris: 150 User Buying Product: Name: daniel thiemer Sørensen E-Mail: dtsa14@student.aau.dk Tidspunkt: 11-05-2015 20:07:42 ID på Transaktion: 8
Produkt: Pant (1/2L flaske) pris: 150 User Buying Product: Name: daniel thiemer Sørensen E-Mail: dtsa14@student.aau.dk Tidspunkt: 11-05-2015 20:07:42 ID på Transaktion: 9
Produkt: Pant (1/2L flaske) pris: 150 User Buying Product: Name: daniel thiemer Sørensen E-Mail: dtsa14@student.aau.dk Tidspunkt: 11-05-2015 20:07:42 ID på Transaktion: 10
Produkt: Pant (1/2L flaske) pris: 150 User Buying Product: Name: daniel thiemer Sørensen E-Mail: dtsa14@student.aau.dk Tidspunkt: 11-05-2015 20:07:42 ID på Transaktion: 11
Produkt: Pant (1/2L flaske) pris: 150 User Buying Product: Name: daniel thiemer Sørensen E-Mail: dtsa14@student.aau.dk Tidspunkt: 11-05-2015 20:07:42 ID på Transaktion: 12
Produkt: Pant (1/2L flaske) pris: 150 User Buying Product: Name: daniel thiemer Sørensen E-Mail: dtsa14@student.aau.dk Tidspunkt: 11-05-2015 20:07:42 ID på Transaktion: 13
Produkt: Pant (1/2L flaske) pris: 150 User Buying Product: Name: daniel thiemer Sørensen E-Mail: dtsa14@student.aau.dk Tidspunkt: 11-05-2015 20:07:42 ID på Transaktion: 14
Produkt: Pant (1/2L flaske) pris: 150 User Buying Product: Name: daniel thiemer Sørensen E-Mail: dtsa14@student.aau.dk Tidspunkt: 11-05-2015 20:07:42 ID på Transaktion: 15
Produkt: Pant (1/2L flaske) pris: 150 User Buying Product: Name: daniel thiemer Sørensen E-Mail: dtsa14@student.aau.dk Tidspunkt: 11-05-2015 20:07:42 ID på Transaktion: 16
Produkt: Pant (1/2L flaske) pris: 150 User Buying Product: Name: daniel thiemer Sørensen E-Mail: dtsa14@student.aau.dk Tidspunkt: 11-05-2015 20:07:42 ID på Transaktion: 17
Produkt: Pant (1/2L flaske) pris: 150 User Buying Product: Name: daniel thiemer Sørensen E-Mail: dtsa14@student.aau.dk Tidspunkt: 11-05-2015 20:07:42 ID på Transaktion: 18
Produkt: Pant (1/2L flaske) pris: 150 User Buying Product: Name: daniel thiemer Sørensen E-Mail: dtsa14@student.aau.dk Tidspunkt: 11-05-2015 20:07:42 ID på Transaktion: 19
Produkt: Pant (1/2L flaske) pris: 150 User Buying Product: Name: daniel thiemer Sørensen E-Mail: dtsa14@student.aau.dk Tidspunkt: 11-05-2015 20:07:42 ID på Transaktion: 20
Produkt: Pant (1/2L flaske) pris: 150 User Buying Product: Name: daniel thiemer Sørensen E-Mail: dtsa14@student.aau.dk Tidspunkt: 11-05-2015 20:07:42 ID på Transaktion: 21
Produkt: Pant (1/2L flaske) pris: 150 User Buying Product: Name: daniel thiemer Sørensen E-Mail: dtsa14@student.aau.dk Tidspunkt: 11-05-2015 20:07:42 ID på Transaktion: 22
Produkt: Pant (1/2L flaske) pris: 150 User Buying Product: Name: daniel thiemer Sørensen E-Mail: dtsa14@student.aau.dk Tidspunkt: 11-05-2015 20:07:42 ID på Transaktion: 23
Produkt: Pant (1/2L flaske) pris: 150 User Buying Product: Name: daniel thiemer Sørensen E-Mail: dtsa14@student.aau.dk Tidspunkt: 11-05-2015 20:07:42 ID på Transaktion: 24
Produkt: Pant (1/2L flaske) pris: 150 User Buying Product: Name: daniel thiemer Sørensen E-Mail: dtsa14@student.aau.dk Tidspunkt: 11-05-2015 20:07:42 ID på Transaktion: 25
Produkt: Pant (1/2L flaske) pris: 150 User Buying Product: Name: daniel thiemer Sørensen E-Mail: dtsa14@student.aau.dk Tidspunkt: 11-05-2015 20:07:42 ID på Transaktion: 26
Produkt: Pant (1/2L flaske) pris: 150 User Buying Product: Name: daniel thiemer Sørensen E-Mail: dtsa14@student.aau.dk Tidspunkt: 11-05-2015 20:07:42 ID på Transaktion: 27
Produkt: Pant (1/2L flaske) pris: 150 User Buying Product: Name: daniel thiemer Sørensen E-Mail: dtsa14@student.aau.dk Tidspunkt: 11-05-2015 20:07:42 ID på Transaktion: 28
Produkt: Pant (1/2L flaske) pris: 150 User Buying Product: Name: daniel thiemer Sørensen E-Mail: dtsa14@student.aau.dk Tidspunkt: 11-05-2015 20:07:42 ID på Transaktion: 29
Produkt: Pant (1/2L flaske) pris: 150 User Buying Product: Name: daniel thiemer Sørensen E-Mail: dtsa14@student.aau.dk Tidspunkt: 11-05-2015 20:07:42 ID på Transaktion: 30
Produkt: Pant (1/2L flaske) pris: 150 User Buying Product: Name: daniel thiemer Sørensen E-Mail: dtsa14@student.aau.dk Tidspunkt: 11-05-2015 20:07:42 ID på Transaktion: 31
Produkt: Pant (1/2L flaske) pris: 150 User Buying Product: Name: daniel thiemer Sørensen E-Mail: dtsa14@student.aau.dk Tidspunkt: 11-05-2015 20:07:42 ID på Transaktion: 32
Produkt: Pant (1/2L flaske) pris: 150 User Buying Product: Name: daniel thiemer Sørensen E-Mail: dtsa14@student.aau.dk Tidspunkt: 11-05-2015 20:07:42 ID på Transaktion: 33
Produkt: Pant (1/2L flaske) pris: 150 User Buying Product: Name: daniel thiemer Sørensen E-Mail: dtsa14@student.aau.dk Tidspunkt: 11-05-2015 20:07:42 ID på Transaktion: 34
Produkt: Pant (1/2L flaske) pris: 150 User Buying Product: Name: daniel thiemer Sørensen E-Mail: dtsa14@student.aau.dk Tidspunkt: 11-05-2015 20:07:42 ID på Transaktion: 35
Produkt: Pant (1/2L flaske) pris: 150 User Buying Product: Name: daniel thiemer Sørensen E-Mail: dtsa14@student.aau.dk Tidspunkt: 11-05-2015 20:07:42 ID på Transaktion: 36
Produkt: Pant (1/2L flaske) pris: 150 User Buying Product: Name: daniel thiemer Sørensen E-Mail: dtsa14@student.aau.dk Tidspunkt: 11-05-2015 20:07:42 ID på Transaktion: 37
Produkt: Pant (1/2L flaske) pris: 150 User Buying Product: Name: daniel thiemer Sørensen E-Mail: dtsa14@student.aau.dk Tidspunkt: 11-05-2015 20:07:42 ID på Transaktion: 38
Produkt: Pant (1/2L flaske) pris: 150 User Buying Product: Name: daniel thiemer Sørensen E-Mail: dtsa14@student.aau.dk Tidspunkt: 11-05-2015 20:07:42 ID på Transaktion: 39
Produkt: Pant (1/2L flaske) pris: 150 User Buying Product: Name: daniel thiemer Sørensen E-Mail: dtsa14@student.aau.dk Tidspunkt: 11-05-2015 20:07:42 ID på Transaktion: 40
Produkt: Pant (1/2L flaske) pris: 150 User Buying Product: Name: daniel thiemer Sørensen E-Mail: dtsa14@student.aau.dk Tidspunkt: 11-05-2015 20:07:42 ID på Transaktion: 41
Produkt: Pant (1/2L flaske) pris: 150 User Buying Product: Name: daniel thiemer Sørensen E-Mail: dtsa14@student.aau.dk Tidspunkt: 11-05-2015 20:07:42 ID på Transaktion: 42
Produkt: Pant (1/2L flaske) pris: 150 User Buying Product: Name: daniel thiemer Sørensen E-Mail: dtsa14@student.aau.dk Tidspunkt: 11-05-2015 20:07:42 ID på Transaktion: 43
Produkt: Pant (1/2L flaske) pris: 150 User Buying Product: Name: daniel thiemer Sørensen E-Mail: dtsa14@student.aau.dk Tidspunkt: 11-05-2015 20:07:42 ID på Transaktion: 44
Produkt: Pant (1/2L flaske) pris: 150 User Buying Product: Name: daniel thiemer Sørensen E-Mail: dtsa14@student.aau.dk Tidspunkt: 11-05-2015 20:07:42 ID på Transaktion: 45
Produkt: Pant (1/2L flaske) pris: 150 User Buying Product: Name: daniel thiemer Sørensen E-Mail: dtsa14@student.aau.dk Tidspunkt: 11-05-2015 20:07:42 ID på Transaktion: 46
Produkt: Pant (1/2L flaske) pris: 150 User Buying Product: Name: daniel thiemer Sørensen E-Mail: dtsa14@student.aau.dk Tidspunkt: 11-05-2015 20:07:42 ID på Transaktion: 47
Produkt: Pant (1/2L flaske) pris: 150 User Buying Product: Name: daniel thiemer Sørensen E-Mail: dtsa14@student.aau.dk Tidspunkt: 11-05-2015 20:07:42 ID på Transaktion: 48
Produkt: Pant (1/2L flaske) pris: 150 User Buying Product: Name: daniel thiemer Sørensen E-Mail: dtsa14@student.aau.dk Tidspunkt: 11-05-2015 20:07:42 ID på Transaktion: 49
Produkt: Pant (1/2L flaske) pris: 150 User Buying Product: Name: daniel thiemer Sørensen E-Mail: dtsa14@student.aau.dk Tidspunkt: 11-05-2015 20:07:42 ID på Transaktion: 50
Produkt: Pant (1/2L flaske) pris: 150 User Buying Product: Name: daniel thiemer Sørensen E-Mail: dtsa14@student.aau.dk Tidspunkt: 11-05-2015 20:07:42 ID på Transaktion: 51
Produkt: Pant (1/2L flaske) pris: 150 User Buying Product: Name: daniel thiemer Sørensen E-Mail: dtsa14@student.aau.dk Tidspunkt: 11-05-2015 20:07:42 ID på Transaktion: 52
Produkt: Pant (1/2L flaske) pris: 150 User Buying Product: Name: daniel thiemer Sørensen E-Mail: dtsa14@student.aau.dk Tidspunkt: 11-05-2015 20:07:42 ID på Transaktion: 53
Produkt: Pant (1/2L flaske) pris: 150 User Buying Product: Name: daniel thiemer Sørensen E-Mail: dtsa14@student.aau.dk Tidspunkt: 11-05-2015 20:07:42 ID på Transaktion: 54
Produkt: Pant (1/2L flaske) pris: 150 User Buying Product: Name: daniel thiemer Sørensen E-Mail: dtsa14@student.aau.dk Tidspunkt: 11-05-2015 20:07:42 ID på Transaktion: 55
Produkt: Pant (1/2L flaske) pris: 150 User Buying Product: Name: daniel thiemer Sørensen E-Mail: dtsa14@student.aau.dk Tidspunkt: 11-05-2015 20:07:42 ID på Transaktion: 56
Transaktion nr.[11-05-2015 21:54:59] Beløb: [20050]kr. optankes på me's konto, tispunkt for optankning: [11-05-2015 21:54:59]
