10:40 11-05-2015Produkt: ½L vand & kildevand excl. pant pris: 12 User Buying Product: Name: Frederik Palmelund E-Mail: frederik.palmelund@gmail.com Tidspunkt: 11-05-2015 10:40:16 ID på Transaktion: 0
Produkt: Øl(f.eks. Thy, Guld, 47, T-FF) pris: 10 User Buying Product: Name: Frederik Palmelund E-Mail: frederik.palmelund@gmail.com Tidspunkt: 11-05-2015 10:40:16 ID på Transaktion: 1
Produkt: Øl(Tuborg/Classic/Carlsberg/Rød) pris: 6,5 User Buying Product: Name: Frederik Palmelund E-Mail: frederik.palmelund@gmail.com Tidspunkt: 11-05-2015 10:40:16 ID på Transaktion: 2
Produkt: Øl(Staropramen, Corona, Budweis) pris: 15 User Buying Product: Name: Frederik Palmelund E-Mail: frederik.palmelund@gmail.com Tidspunkt: 11-05-2015 10:40:16 ID på Transaktion: 3
Produkt: Cocio pris: 16 User Buying Product: Name: Frederik Palmelund E-Mail: frederik.palmelund@gmail.com Tidspunkt: 11-05-2015 10:40:16 ID på Transaktion: 4
Produkt: ½L vand & kildevand excl. pant pris: 12 User Buying Product: Name: Frederik Palmelund E-Mail: frederik.palmelund@gmail.com Tidspunkt: 11-05-2015 10:40:16 ID på Transaktion: 5
Produkt: ½L vand & kildevand excl. pant pris: 12 User Buying Product: Name: Frederik Palmelund E-Mail: frederik.palmelund@gmail.com Tidspunkt: 11-05-2015 10:40:16 ID på Transaktion: 6
Produkt: ½L vand & kildevand excl. pant pris: 12 User Buying Product: Name: Frederik Palmelund E-Mail: frederik.palmelund@gmail.com Tidspunkt: 11-05-2015 10:40:16 ID på Transaktion: 7
Produkt: ½L vand & kildevand excl. pant pris: 12 User Buying Product: Name: Frederik Palmelund E-Mail: frederik.palmelund@gmail.com Tidspunkt: 11-05-2015 10:40:16 ID på Transaktion: 8
Produkt: ½L vand & kildevand excl. pant pris: 12 User Buying Product: Name: Frederik Palmelund E-Mail: frederik.palmelund@gmail.com Tidspunkt: 11-05-2015 10:40:16 ID på Transaktion: 9
Produkt: ½L vand & kildevand excl. pant pris: 12 User Buying Product: Name: Frederik Palmelund E-Mail: frederik.palmelund@gmail.com Tidspunkt: 11-05-2015 10:40:16 ID på Transaktion: 10
Produkt: ½L vand & kildevand excl. pant pris: 12 User Buying Product: Name: Frederik Palmelund E-Mail: frederik.palmelund@gmail.com Tidspunkt: 11-05-2015 10:40:16 ID på Transaktion: 11
Produkt: ½L vand & kildevand excl. pant pris: 12 User Buying Product: Name: Frederik Palmelund E-Mail: frederik.palmelund@gmail.com Tidspunkt: 11-05-2015 10:40:16 ID på Transaktion: 12
Produkt: ½L vand & kildevand excl. pant pris: 12 User Buying Product: Name: Frederik Palmelund E-Mail: frederik.palmelund@gmail.com Tidspunkt: 11-05-2015 10:40:16 ID på Transaktion: 13
Produkt: ½L vand & kildevand excl. pant pris: 12 User Buying Product: Name: Frederik Palmelund E-Mail: frederik.palmelund@gmail.com Tidspunkt: 11-05-2015 10:40:16 ID på Transaktion: 14
Produkt: ½L vand & kildevand excl. pant pris: 12 User Buying Product: Name: Frederik Palmelund E-Mail: frederik.palmelund@gmail.com Tidspunkt: 11-05-2015 10:40:16 ID på Transaktion: 15
Produkt: ½L vand & kildevand excl. pant pris: 12 User Buying Product: Name: Frederik Palmelund E-Mail: frederik.palmelund@gmail.com Tidspunkt: 11-05-2015 10:40:16 ID på Transaktion: 16
Produkt: ½L vand & kildevand excl. pant pris: 12 User Buying Product: Name: Frederik Palmelund E-Mail: frederik.palmelund@gmail.com Tidspunkt: 11-05-2015 10:40:16 ID på Transaktion: 17
Produkt: ½L vand & kildevand excl. pant pris: 12 User Buying Product: Name: Frederik Palmelund E-Mail: frederik.palmelund@gmail.com Tidspunkt: 11-05-2015 10:40:16 ID på Transaktion: 18
Produkt: ½L vand & kildevand excl. pant pris: 12 User Buying Product: Name: Frederik Palmelund E-Mail: frederik.palmelund@gmail.com Tidspunkt: 11-05-2015 10:40:16 ID på Transaktion: 19
Produkt: ½L vand & kildevand excl. pant pris: 12 User Buying Product: Name: Frederik Palmelund E-Mail: frederik.palmelund@gmail.com Tidspunkt: 11-05-2015 10:40:16 ID på Transaktion: 20
Produkt: ½L vand & kildevand excl. pant pris: 12 User Buying Product: Name: Frederik Palmelund E-Mail: frederik.palmelund@gmail.com Tidspunkt: 11-05-2015 10:40:16 ID på Transaktion: 21
Produkt: ½L vand & kildevand excl. pant pris: 12 User Buying Product: Name: Frederik Palmelund E-Mail: frederik.palmelund@gmail.com Tidspunkt: 11-05-2015 10:40:16 ID på Transaktion: 22
Produkt: ½L vand & kildevand excl. pant pris: 12 User Buying Product: Name: Frederik Palmelund E-Mail: frederik.palmelund@gmail.com Tidspunkt: 11-05-2015 10:40:16 ID på Transaktion: 23
Produkt: ½L vand & kildevand excl. pant pris: 12 User Buying Product: Name: Frederik Palmelund E-Mail: frederik.palmelund@gmail.com Tidspunkt: 11-05-2015 10:40:16 ID på Transaktion: 24
Transaktion nr.11-05-2015 12:36:14 Beløb: 2000kr. optankes på Name: mem memp E-Mail: meme@meme.dk's konto, tispunkt for optankning: 11-05-2015 12:36:14
Produkt: Pant (1/2L flaske) pris: 150 User Buying Product: Name: mem memp E-Mail: meme@meme.dk Tidspunkt: 11-05-2015 12:37:49 ID på Transaktion: 1
Produkt: Pant (1/2L flaske) pris: 150 User Buying Product: Name: mem memp E-Mail: meme@meme.dk Tidspunkt: 11-05-2015 12:37:49 ID på Transaktion: 2
Produkt: Pant (1/2L flaske) pris: 150 User Buying Product: Name: mem memp E-Mail: meme@meme.dk Tidspunkt: 11-05-2015 12:37:49 ID på Transaktion: 3
